<?xml version="1.0" encoding="UTF-8"?>
<testsuite xmlns:xsi="http://www.w3.org/2001/XMLSchema-instance" xsi:noNamespaceSchemaLocation="https://maven.apache.org/surefire/maven-surefire-plugin/xsd/surefire-test-report-3.0.xsd" version="3.0" name="com.modUp.beta.BetaApplicationTests" time="13.643" tests="1" errors="0" skipped="0" failures="0">
  <properties>
[...]
</properties>
  <testcase name="contextLoads" classname="com.modUp.beta.BetaApplicationTests" time="0.944">
    <system-out><![CDATA[23:57:15.783 [main] INFO org.springframework.test.context.support.AnnotationConfigContextLoaderUtils -- Could not detect default configuration classes for test class [com.modUp.beta.BetaApplicationTests]: BetaApplicationTests does not declare any static, non-private, non-final, nested classes annotated with @Configuration.
23:57:15.991 [main] INFO org.springframework.boot.test.context.SpringBootTestContextBootstrapper -- Found @SpringBootConfiguration com.modUp.beta.BetaApplication for test class com.modUp.beta.BetaApplicationTests

  .   ____          _            __ _ _
 /\\ / ___'_ __ _ _(_)_ __  __ _ \ \ \ \
( ( )\___ | '_ | '_| | '_ \/ _` | \ \ \ \
 \\/  ___)| |_)| | | | | || (_| |  ) ) ) )
  '  |____| .__|_| |_|_| |_\__, | / / / /
 =========|_|==============|___/=/_/_/_/

 :: Spring Boot ::                (v3.3.3)

2024-09-23T23:57:16.807-03:00  INFO 12400 --- [           main] com.modUp.beta.BetaApplicationTests      : Starting BetaApplicationTests using Java 21.0.4 with PID 12400 (started by rss41 in C:\Users\rss41\Desktop\Delivery\beta-apiRest)
2024-09-23T23:57:16.810-03:00  INFO 12400 --- [           main] com.modUp.beta.BetaApplicationTests      : No active profile set, falling back to 1 default profile: "default"
2024-09-23T23:57:18.813-03:00  INFO 12400 --- [           main] .s.d.r.c.RepositoryConfigurationDelegate : Bootstrapping Spring Data JPA repositories in DEFAULT mode.
2024-09-23T23:57:18.921-03:00  INFO 12400 --- [           main] .s.d.r.c.RepositoryConfigurationDelegate : Finished Spring Data repository scanning in 93 ms. Found 3 JPA repository interfaces.
2024-09-23T23:57:20.334-03:00  INFO 12400 --- [           main] o.hibernate.jpa.internal.util.LogHelper  : HHH000204: Processing PersistenceUnitInfo [name: default]
2024-09-23T23:57:20.477-03:00  INFO 12400 --- [           main] org.hibernate.Version                    : HHH000412: Hibernate ORM core version 6.5.2.Final
2024-09-23T23:57:20.566-03:00  INFO 12400 --- [           main] o.h.c.internal.RegionFactoryInitiator    : HHH000026: Second-level cache disabled
2024-09-23T23:57:21.291-03:00  INFO 12400 --- [           main] o.s.o.j.p.SpringPersistenceUnitInfo      : No LoadTimeWeaver setup: ignoring JPA class transformer
2024-09-23T23:57:21.352-03:00  INFO 12400 --- [           main] com.zaxxer.hikari.HikariDataSource       : HikariPool-1 - Starting...
2024-09-23T23:57:21.770-03:00  INFO 12400 --- [           main] com.zaxxer.hikari.pool.HikariPool        : HikariPool-1 - Added connection org.postgresql.jdbc.PgConnection@54997f67
2024-09-23T23:57:21.774-03:00  INFO 12400 --- [           main] com.zaxxer.hikari.HikariDataSource       : HikariPool-1 - Start completed.
2024-09-23T23:57:21.848-03:00  WARN 12400 --- [           main] org.hibernate.orm.deprecation            : HHH90000025: PostgreSQLDialect does not need to be specified explicitly using 'hibernate.dialect' (remove the property setting and it will be selected by default)
2024-09-23T23:57:23.678-03:00  INFO 12400 --- [           main] o.h.e.t.j.p.i.JtaPlatformInitiator       : HHH000489: No JTA platform available (set 'hibernate.transaction.jta.platform' to enable JTA platform integration)
2024-09-23T23:57:23.871-03:00  INFO 12400 --- [           main] j.LocalContainerEntityManagerFactoryBean : Initialized JPA EntityManagerFactory for persistence unit 'default'
2024-09-23T23:57:24.849-03:00  WARN 12400 --- [           main] JpaBaseConfiguration$JpaWebConfiguration : spring.jpa.open-in-view is enabled by default. Therefore, database queries may be performed during view rendering. Explicitly configure spring.jpa.open-in-view to disable this warning
2024-09-23T23:57:26.078-03:00  INFO 12400 --- [           main] o.s.b.a.e.web.EndpointLinksResolver      : Exposing 1 endpoint beneath base path '/actuator'
2024-09-23T23:57:27.906-03:00  INFO 12400 --- [           main] com.modUp.beta.BetaApplicationTests      : Started BetaApplicationTests in 11.618 seconds (process running for 13.918)
]]></system-out>
    <system-err><![CDATA[WARNING: A Java agent has been loaded dynamically (C:\Users\rss41\.m2\repository\net\bytebuddy\byte-buddy-agent\1.14.19\byte-buddy-agent-1.14.19.jar)
WARNING: If a serviceability tool is in use, please run with -XX:+EnableDynamicAgentLoading to hide this warning
WARNING: If a serviceability tool is not in use, please run with -Djdk.instrument.traceUsage for more information
WARNING: Dynamic loading of agents will be disallowed by default in a future release
]]></system-err>
  </testcase>
</testsuite>